<?xml version="1.0" encoding="UTF-8"?>
<!DOCTYPE suite SYSTEM "http://testng.org/testng-1.0.dtd">
<suite name="Default suite" parallel="tests" thread-count="1">
  <test verbose="1" name="GCTest"  >
    <classes>
      <class name="test.TestNG_TestRunner"/>
    </classes>
  </test> <!-- GC test -->   
</suite> <!-- Default suite -->
