<?xml version="1.0" encoding="UTF-8"?>
<!-- Generated by org.testng.reporters.JUnitReportReporter -->
<testsuite hostname="DESKTOP-MM75KI0" failures="0" tests="1" name="test.TestNG_TestRunner" time="46.629" errors="0" timestamp="2 Jul 2020 22:03:17 GMT">
  <testcase classname="test.TestNG_TestRunner" name="CucumberRunner" time="46.629"/>
</testsuite> <!-- test.TestNG_TestRunner -->
